TN:
SF:/home/se02/Downloads/kukkui-sertis-lab-backend8/kukkui-sertis-lab-backend3/kukkui-sertis-lab-backend/src/controllers/authController.js
FN:9,(anonymous_0)
FNF:1
FNH:1
FNDA:2,(anonymous_0)
DA:5,3
DA:6,3
DA:7,3
DA:9,3
DA:10,2
DA:11,2
DA:12,2
DA:13,2
DA:14,2
DA:15,2
DA:17,2
DA:18,2
DA:19,2
DA:20,2
DA:22,0
DA:25,0
LF:16
LH:14
BRDA:17,0,0,2
BRDA:17,0,1,0
BRF:2
BRH:1
end_of_record
TN:
SF:/home/se02/Downloads/kukkui-sertis-lab-backend8/kukkui-sertis-lab-backend3/kukkui-sertis-lab-backend/src/controllers/userController.js
FN:10,(anonymous_0)
FN:28,(anonymous_1)
FN:52,(anonymous_2)
FN:61,(anonymous_3)
FN:79,(anonymous_4)
FNF:5
FNH:5
FNDA:2,(anonymous_0)
FNDA:1,(anonymous_1)
FNDA:2,(anonymous_2)
FNDA:2,(anonymous_3)
FNDA:2,(anonymous_4)
DA:5,5
DA:6,5
DA:7,5
DA:8,5
DA:10,5
DA:11,2
DA:12,2
DA:13,2
DA:14,2
DA:15,2
DA:16,2
DA:17,2
DA:18,2
DA:19,2
DA:20,2
DA:21,2
DA:22,2
DA:24,0
DA:28,5
DA:29,1
DA:30,1
DA:31,1
DA:32,1
DA:33,1
DA:40,1
DA:41,1
DA:42,1
DA:43,1
DA:44,1
DA:45,1
DA:46,1
DA:48,0
DA:52,5
DA:53,2
DA:54,2
DA:55,2
DA:56,2
DA:58,0
DA:61,5
DA:62,2
DA:63,2
DA:64,2
DA:65,2
DA:66,2
DA:67,2
DA:68,2
DA:69,2
DA:70,2
DA:71,2
DA:72,2
DA:73,2
DA:75,0
DA:79,5
DA:80,2
DA:81,2
DA:82,2
DA:83,2
DA:84,2
DA:85,2
DA:86,2
DA:87,2
DA:88,2
DA:89,2
DA:90,2
DA:91,2
DA:93,0
LF:66
LH:61
BRF:0
BRH:0
end_of_record
TN:
SF:/home/se02/Downloads/kukkui-sertis-lab-backend8/kukkui-sertis-lab-backend3/kukkui-sertis-lab-backend/src/helper/auth.helper.js
FN:9,(anonymous_0)
FN:22,(anonymous_1)
FN:37,(anonymous_2)
FN:47,(anonymous_3)
FNF:4
FNH:4
FNDA:1,(anonymous_0)
FNDA:1,(anonymous_1)
FNDA:1,(anonymous_2)
FNDA:1,(anonymous_3)
DA:4,4
DA:5,4
DA:6,4
DA:9,4
DA:10,1
DA:11,1
DA:12,1
DA:13,1
DA:14,1
DA:16,0
DA:18,0
DA:22,4
DA:23,1
DA:24,1
DA:25,1
DA:26,1
DA:27,1
DA:28,1
DA:33,0
DA:37,4
DA:38,1
DA:39,1
DA:40,1
DA:41,1
DA:42,1
DA:44,0
DA:47,4
DA:48,1
DA:49,1
DA:50,1
DA:51,1
DA:55,0
LF:32
LH:27
BRDA:13,0,0,1
BRDA:13,0,1,0
BRDA:50,1,0,1
BRDA:50,1,1,0
BRF:4
BRH:2
end_of_record
TN:
SF:/home/se02/Downloads/kukkui-sertis-lab-backend8/kukkui-sertis-lab-backend3/kukkui-sertis-lab-backend/src/helper/user.helper.js
FN:13,(anonymous_0)
FN:25,(anonymous_1)
FN:41,(anonymous_2)
FN:51,(anonymous_3)
FN:69,(anonymous_4)
FN:77,(anonymous_5)
FN:87,(anonymous_6)
FN:98,(anonymous_7)
FNF:8
FNH:5
FNDA:4,(anonymous_0)
FNDA:1,(anonymous_1)
FNDA:0,(anonymous_2)
FNDA:1,(anonymous_3)
FNDA:0,(anonymous_4)
FNDA:1,(anonymous_5)
FNDA:0,(anonymous_6)
FNDA:4,(anonymous_7)
DA:5,7
DA:6,7
DA:7,7
DA:8,7
DA:9,7
DA:13,7
DA:14,4
DA:15,4
DA:16,4
DA:17,4
DA:18,4
DA:19,4
DA:21,4
DA:25,7
DA:26,1
DA:27,1
DA:28,1
DA:29,1
DA:30,1
DA:31,1
DA:32,1
DA:33,1
DA:34,0
DA:36,0
DA:41,7
DA:42,0
DA:43,0
DA:44,0
DA:45,0
DA:46,0
DA:48,0
DA:51,7
DA:52,1
DA:53,1
DA:54,1
DA:55,1
DA:62,1
DA:64,0
DA:69,7
DA:70,0
DA:71,0
DA:72,0
DA:74,0
DA:77,7
DA:78,1
DA:79,1
DA:80,1
DA:81,1
DA:82,1
DA:88,0
DA:89,0
DA:93,1
DA:95,0
DA:98,7
DA:99,4
DA:100,4
DA:101,4
DA:102,4
DA:103,4
DA:104,4
DA:110,4
DA:111,4
DA:112,4
DA:114,0
DA:116,0
LF:65
LH:47
BRDA:17,0,0,4
BRDA:17,0,1,0
BRDA:17,1,0,4
BRDA:17,1,1,4
BRDA:32,2,0,1
BRDA:32,2,1,0
BRDA:32,3,0,1
BRDA:32,3,1,0
BRDA:88,4,0,0
BRDA:88,4,1,0
BRDA:110,5,0,4
BRDA:110,5,1,0
BRF:12
BRH:6
end_of_record
TN:
SF:/home/se02/Downloads/kukkui-sertis-lab-backend8/kukkui-sertis-lab-backend3/kukkui-sertis-lab-backend/src/models/auth.model.js
FN:12,(anonymous_0)
FN:23,(anonymous_1)
FN:29,(anonymous_2)
FNF:3
FNH:0
FNDA:0,(anonymous_0)
FNDA:0,(anonymous_1)
FNDA:0,(anonymous_2)
DA:4,1
DA:5,1
DA:6,1
DA:12,1
DA:14,0
DA:15,0
DA:18,0
DA:20,0
DA:21,0
DA:23,1
DA:24,0
DA:29,1
DA:33,0
DA:35,1
LF:14
LH:7
BRDA:14,0,0,0
BRDA:14,0,1,0
BRF:2
BRH:0
end_of_record
TN:
SF:/home/se02/Downloads/kukkui-sertis-lab-backend8/kukkui-sertis-lab-backend3/kukkui-sertis-lab-backend/src/models/user.model.js
FN:13,(anonymous_0)
FN:26,(anonymous_1)
FNF:2
FNH:0
FNDA:0,(anonymous_0)
FNDA:0,(anonymous_1)
DA:3,1
DA:4,1
DA:5,1
DA:13,1
DA:15,0
DA:16,0
DA:19,0
DA:21,0
DA:22,0
DA:26,1
DA:30,0
DA:32,1
LF:12
LH:6
BRDA:15,0,0,0
BRDA:15,0,1,0
BRF:2
BRH:0
end_of_record
